build/app/intermediates/manifest_merge_blame_file/release/manifest-merger-blame-release-report.txt
1<?xml version="1.0" encoding="utf-8"?>
2<manifest xmlns:android="http://schemas.android.com/apk/res/android"
3    package="com.app.markbootapp"
4    android:versionCode="6"
5    android:versionName="1.0" >
6
7    <uses-sdk
8        android:minSdkVersion="21"
8-->src/main/AndroidManifest.xml
9        android:targetSdkVersion="29" />
9-->src/main/AndroidManifest.xml
10    <!--
11         io.flutter.app.FlutterApplication is an android.app.Application that
12         calls FlutterMain.startInitialization(this); in its onCreate method.
13         In most cases you can leave this as-is, but you if you want to provide
14         additional functionality it is fine to subclass or reimplement
15         FlutterApplication and put your custom class here.
16    -->
17
18    <uses-permission android:name="android.permission.INTERNET" />
18-->src/main/AndroidManifest.xml:10:5-66
18-->src/main/AndroidManifest.xml:10:22-64
19    <uses-permission android:name="android.permission.READ_EXTERNAL_STORAGE" />
19-->src/main/AndroidManifest.xml:11:5-79
19-->src/main/AndroidManifest.xml:11:22-77
20    <uses-permission android:name="android.permission.WRITE_EXTERNAL_STORAGE" />
20-->src/main/AndroidManifest.xml:12:5-80
20-->src/main/AndroidManifest.xml:12:22-78
21    <uses-permission android:name="android.permission.RECEIVE_BOOT_COMPLETED" />
21-->src/main/AndroidManifest.xml:13:5-80
21-->src/main/AndroidManifest.xml:13:22-78
22    <uses-permission android:name="android.permission.VIBRATE" />
22-->src/main/AndroidManifest.xml:14:5-66
22-->src/main/AndroidManifest.xml:14:22-63
23    <uses-permission android:name="android.permission.ACCESS_NETWORK_STATE" />
23-->[com.google.firebase:firebase-iid:20.0.2] AndroidManifest.xml:22:5-79
23-->[com.google.firebase:firebase-iid:20.0.2] AndroidManifest.xml:22:22-76
24    <uses-permission android:name="android.permission.WAKE_LOCK" /> <!-- Required by older versions of Google Play services to create IID tokens -->
24-->[com.google.firebase:firebase-iid:20.0.2] AndroidManifest.xml:24:5-68
24-->[com.google.firebase:firebase-iid:20.0.2] AndroidManifest.xml:24:22-65
25    <uses-permission android:name="com.google.android.c2dm.permission.RECEIVE" />
25-->[com.google.firebase:firebase-iid:20.0.2] AndroidManifest.xml:26:5-82
25-->[com.google.firebase:firebase-iid:20.0.2] AndroidManifest.xml:26:22-79
26    <uses-permission android:name="android.permission.FOREGROUND_SERVICE" />
26-->[androidx.work:work-runtime:2.3.4] AndroidManifest.xml:28:5-77
26-->[androidx.work:work-runtime:2.3.4] AndroidManifest.xml:28:22-74
27
28    <application
28-->src/main/AndroidManifest.xml:16:5-77:19
29        android:name="io.flutter.app.FlutterApplication"
29-->src/main/AndroidManifest.xml:17:9-57
30        android:appComponentFactory="androidx.core.app.CoreComponentFactory"
30-->[androidx.core:core:1.2.0] AndroidManifest.xml:24:18-86
31        android:icon="@mipmap/ic_launcher"
31-->src/main/AndroidManifest.xml:19:9-43
32        android:label="MarkBoot" >
32-->src/main/AndroidManifest.xml:18:9-33
33        <activity
33-->src/main/AndroidManifest.xml:20:9-53:20
34            android:name="com.app.markbootapp.MainActivity"
34-->src/main/AndroidManifest.xml:21:13-41
35            android:configChanges="orientation|keyboardHidden|keyboard|screenSize|smallestScreenSize|locale|layoutDirection|fontScale|screenLayout|density|uiMode"
35-->src/main/AndroidManifest.xml:24:13-163
36            android:hardwareAccelerated="true"
36-->src/main/AndroidManifest.xml:25:13-47
37            android:launchMode="singleTop"
37-->src/main/AndroidManifest.xml:22:13-43
38            android:theme="@style/LaunchTheme"
38-->src/main/AndroidManifest.xml:23:13-47
39            android:windowSoftInputMode="adjustResize" >
39-->src/main/AndroidManifest.xml:26:13-55
40
41            <!--
42                 Specifies an Android theme to apply to this Activity as soon as
43                 the Android process has started. This theme is visible to the user
44                 while the Flutter UI initializes. After that, this theme continues
45                 to determine the Window background behind the Flutter UI.
46            -->
47            <meta-data
47-->src/main/AndroidManifest.xml:31:13-34:17
48                android:name="io.flutter.embedding.android.NormalTheme"
48-->src/main/AndroidManifest.xml:32:15-70
49                android:resource="@style/NormalTheme" />
49-->src/main/AndroidManifest.xml:33:15-52
50            <!--
51                 Displays an Android View that continues showing the launch screen
52                 Drawable until Flutter paints its first frame, then this splash
53                 screen fades out. A splash screen is useful to avoid any visual
54                 gap between the end of Android's launch screen and the painting of
55                 Flutter's first frame.
56            -->
57            <meta-data
57-->src/main/AndroidManifest.xml:40:13-43:17
58                android:name="io.flutter.embedding.android.SplashScreenDrawable"
58-->src/main/AndroidManifest.xml:41:15-79
59                android:resource="@drawable/launch_background" />
59-->src/main/AndroidManifest.xml:42:15-61
60
61            <intent-filter>
61-->src/main/AndroidManifest.xml:44:13-47:29
62                <action android:name="android.intent.action.MAIN" />
62-->src/main/AndroidManifest.xml:45:17-68
62-->src/main/AndroidManifest.xml:45:25-66
63
64                <category android:name="android.intent.category.LAUNCHER" />
64-->src/main/AndroidManifest.xml:46:17-76
64-->src/main/AndroidManifest.xml:46:27-74
65            </intent-filter>
66            <intent-filter>
66-->src/main/AndroidManifest.xml:48:13-51:29
67                <action android:name="FLUTTER_NOTIFICATION_CLICK" />
67-->src/main/AndroidManifest.xml:49:17-69
67-->src/main/AndroidManifest.xml:49:25-66
68
69                <category android:name="android.intent.category.DEFAULT" />
69-->src/main/AndroidManifest.xml:50:17-76
69-->src/main/AndroidManifest.xml:50:27-73
70            </intent-filter>
71        </activity>
72        <!--
73             Don't delete the meta-data below.
74             This is used by the Flutter tool to generate GeneratedPluginRegistrant.java
75        -->
76        <meta-data
76-->src/main/AndroidManifest.xml:56:9-58:33
77            android:name="flutterEmbedding"
77-->src/main/AndroidManifest.xml:57:13-44
78            android:value="2" />
78-->src/main/AndroidManifest.xml:58:13-30
79
80        <provider
81            android:name="vn.hunghd.flutterdownloader.DownloadedFileProvider"
81-->src/main/AndroidManifest.xml:61:13-78
82            android:authorities="com.app.markbootapp.flutter_downloader.provider"
82-->src/main/AndroidManifest.xml:62:13-79
83            android:exported="false"
83-->src/main/AndroidManifest.xml:63:13-37
84            android:grantUriPermissions="true" >
84-->src/main/AndroidManifest.xml:64:13-47
85            <meta-data
85-->src/main/AndroidManifest.xml:65:13-67:57
86                android:name="android.support.FILE_PROVIDER_PATHS"
86-->src/main/AndroidManifest.xml:66:17-67
87                android:resource="@xml/provider_paths" />
87-->src/main/AndroidManifest.xml:67:17-55
88        </provider>
89
90        <receiver android:name="com.dexterous.flutterlocalnotifications.ScheduledNotificationBootReceiver" >
90-->src/main/AndroidManifest.xml:70:9-75:20
90-->src/main/AndroidManifest.xml:70:19-107
91            <intent-filter>
91-->src/main/AndroidManifest.xml:71:13-74:29
92                <action android:name="android.intent.action.BOOT_COMPLETED" />
92-->src/main/AndroidManifest.xml:72:17-78
92-->src/main/AndroidManifest.xml:72:25-76
93                <action android:name="android.intent.action.MY_PACKAGE_REPLACED" />
93-->src/main/AndroidManifest.xml:73:17-83
93-->src/main/AndroidManifest.xml:73:25-81
94            </intent-filter>
95        </receiver>
96        <receiver android:name="com.dexterous.flutterlocalnotifications.ScheduledNotificationReceiver" />
96-->src/main/AndroidManifest.xml:76:9-106
96-->src/main/AndroidManifest.xml:76:19-103
97
98        <service android:name="io.flutter.plugins.firebasemessaging.FlutterFirebaseMessagingService" >
98-->[:firebase_messaging] AndroidManifest.xml:8:9-12:19
98-->[:firebase_messaging] AndroidManifest.xml:8:18-101
99            <intent-filter>
99-->[:firebase_messaging] AndroidManifest.xml:9:13-11:29
100                <action android:name="com.google.firebase.MESSAGING_EVENT" />
100-->[:firebase_messaging] AndroidManifest.xml:10:17-78
100-->[:firebase_messaging] AndroidManifest.xml:10:25-75
101            </intent-filter>
102        </service>
103        <service
103-->[:firebase_messaging] AndroidManifest.xml:13:9-17:19
104            android:name="com.google.firebase.components.ComponentDiscoveryService"
104-->[:firebase_messaging] AndroidManifest.xml:13:18-89
105            android:directBootAware="true"
105-->[com.google.firebase:firebase-common:19.3.0] AndroidManifest.xml:34:13-43
106            android:exported="false" >
106-->[com.google.firebase:firebase-messaging:20.1.0] AndroidManifest.xml:37:13-37
107            <meta-data
107-->[:firebase_messaging] AndroidManifest.xml:14:13-16:85
108                android:name="com.google.firebase.components:io.flutter.plugins.firebasemessaging.FlutterFirebaseAppRegistrar"
108-->[:firebase_messaging] AndroidManifest.xml:15:17-127
109                android:value="com.google.firebase.components.ComponentRegistrar" />
109-->[:firebase_messaging] AndroidManifest.xml:16:17-82
110            <meta-data
110-->[com.google.firebase:firebase-messaging:20.1.0] AndroidManifest.xml:38:13-40:85
111                android:name="com.google.firebase.components:com.google.firebase.messaging.FirebaseMessagingRegistrar"
111-->[com.google.firebase:firebase-messaging:20.1.0] AndroidManifest.xml:39:17-119
112                android:value="com.google.firebase.components.ComponentRegistrar" />
112-->[com.google.firebase:firebase-messaging:20.1.0] AndroidManifest.xml:40:17-82
113            <meta-data
113-->[:cloud_firestore] AndroidManifest.xml:9:13-11:85
114                android:name="com.google.firebase.components:io.flutter.plugins.firebase.cloudfirestore.FlutterFirebaseAppRegistrar"
114-->[:cloud_firestore] AndroidManifest.xml:10:17-133
115                android:value="com.google.firebase.components.ComponentRegistrar" />
115-->[:cloud_firestore] AndroidManifest.xml:11:17-82
116            <meta-data
116-->[:firebase_auth] AndroidManifest.xml:9:13-11:85
117                android:name="com.google.firebase.components:io.flutter.plugins.firebaseauth.FlutterFirebaseAppRegistrar"
117-->[:firebase_auth] AndroidManifest.xml:10:17-122
118                android:value="com.google.firebase.components.ComponentRegistrar" />
118-->[:firebase_auth] AndroidManifest.xml:11:17-82
119            <meta-data
119-->[:firebase_storage] AndroidManifest.xml:9:13-11:85
120                android:name="com.google.firebase.components:io.flutter.plugins.firebase.storage.FlutterFirebaseAppRegistrar"
120-->[:firebase_storage] AndroidManifest.xml:10:17-126
121                android:value="com.google.firebase.components.ComponentRegistrar" />
121-->[:firebase_storage] AndroidManifest.xml:11:17-82
122            <meta-data
122-->[:firebase_core] AndroidManifest.xml:9:13-11:85
123                android:name="com.google.firebase.components:io.flutter.plugins.firebase.core.FlutterFirebaseAppRegistrar"
123-->[:firebase_core] AndroidManifest.xml:10:17-123
124                android:value="com.google.firebase.components.ComponentRegistrar" />
124-->[:firebase_core] AndroidManifest.xml:11:17-82
125            <meta-data
125-->[com.google.firebase:firebase-datatransport:17.0.3] AndroidManifest.xml:28:13-30:85
126                android:name="com.google.firebase.components:com.google.firebase.datatransport.TransportRegistrar"
126-->[com.google.firebase:firebase-datatransport:17.0.3] AndroidManifest.xml:29:17-115
127                android:value="com.google.firebase.components.ComponentRegistrar" />
127-->[com.google.firebase:firebase-datatransport:17.0.3] AndroidManifest.xml:30:17-82
128            <meta-data
128-->[com.google.firebase:firebase-iid:20.0.2] AndroidManifest.xml:32:13-34:85
129                android:name="com.google.firebase.components:com.google.firebase.iid.Registrar"
129-->[com.google.firebase:firebase-iid:20.0.2] AndroidManifest.xml:33:17-96
130                android:value="com.google.firebase.components.ComponentRegistrar" />
130-->[com.google.firebase:firebase-iid:20.0.2] AndroidManifest.xml:34:17-82
131            <meta-data
131-->[com.google.firebase:firebase-firestore:21.3.0] AndroidManifest.xml:20:13-22:85
132                android:name="com.google.firebase.components:com.google.firebase.firestore.FirestoreRegistrar"
132-->[com.google.firebase:firebase-firestore:21.3.0] AndroidManifest.xml:21:17-111
133                android:value="com.google.firebase.components.ComponentRegistrar" />
133-->[com.google.firebase:firebase-firestore:21.3.0] AndroidManifest.xml:22:17-82
134            <meta-data
134-->[com.google.firebase:firebase-auth:19.2.0] AndroidManifest.xml:36:13-38:85
135                android:name="com.google.firebase.components:com.google.firebase.auth.FirebaseAuthRegistrar"
135-->[com.google.firebase:firebase-auth:19.2.0] AndroidManifest.xml:37:17-109
136                android:value="com.google.firebase.components.ComponentRegistrar" />
136-->[com.google.firebase:firebase-auth:19.2.0] AndroidManifest.xml:38:17-82
137            <meta-data
137-->[com.google.firebase:firebase-storage:17.0.0] AndroidManifest.xml:31:13-33:85
138                android:name="com.google.firebase.components:com.google.firebase.storage.StorageRegistrar"
138-->[com.google.firebase:firebase-storage:17.0.0] AndroidManifest.xml:32:17-107
139                android:value="com.google.firebase.components.ComponentRegistrar" />
139-->[com.google.firebase:firebase-storage:17.0.0] AndroidManifest.xml:33:17-82
140        </service>
141        <!--
142             FirebaseMessagingService performs security checks at runtime,
143             but set to not exported to explicitly avoid allowing another app to call it.
144        -->
145        <service
145-->[com.google.firebase:firebase-messaging:20.1.0] AndroidManifest.xml:28:9-34:19
146            android:name="com.google.firebase.messaging.FirebaseMessagingService"
146-->[com.google.firebase:firebase-messaging:20.1.0] AndroidManifest.xml:29:13-82
147            android:exported="false" >
147-->[com.google.firebase:firebase-messaging:20.1.0] AndroidManifest.xml:30:13-37
148            <intent-filter android:priority="-500" >
148-->[:firebase_messaging] AndroidManifest.xml:9:13-11:29
149                <action android:name="com.google.firebase.MESSAGING_EVENT" />
149-->[:firebase_messaging] AndroidManifest.xml:10:17-78
149-->[:firebase_messaging] AndroidManifest.xml:10:25-75
150            </intent-filter>
151        </service>
152
153        <provider
153-->[:image_picker] AndroidManifest.xml:11:9-19:20
154            android:name="io.flutter.plugins.imagepicker.ImagePickerFileProvider"
154-->[:image_picker] AndroidManifest.xml:12:13-82
155            android:authorities="com.app.markbootapp.flutter.image_provider"
155-->[:image_picker] AndroidManifest.xml:13:13-74
156            android:exported="false"
156-->[:image_picker] AndroidManifest.xml:14:13-37
157            android:grantUriPermissions="true" >
157-->[:image_picker] AndroidManifest.xml:15:13-47
158            <meta-data
158-->src/main/AndroidManifest.xml:65:13-67:57
159                android:name="android.support.FILE_PROVIDER_PATHS"
159-->src/main/AndroidManifest.xml:66:17-67
160                android:resource="@xml/flutter_image_picker_file_paths" />
160-->src/main/AndroidManifest.xml:67:17-55
161        </provider>
162
163        <activity
163-->[:url_launcher] AndroidManifest.xml:8:9-11:74
164            android:name="io.flutter.plugins.urllauncher.WebViewActivity"
164-->[:url_launcher] AndroidManifest.xml:9:13-74
165            android:exported="false"
165-->[:url_launcher] AndroidManifest.xml:10:13-37
166            android:theme="@android:style/Theme.NoTitleBar.Fullscreen" />
166-->[:url_launcher] AndroidManifest.xml:11:13-71
167
168        <receiver
168-->[com.google.firebase:firebase-iid:20.0.2] AndroidManifest.xml:37:9-44:20
169            android:name="com.google.firebase.iid.FirebaseInstanceIdReceiver"
169-->[com.google.firebase:firebase-iid:20.0.2] AndroidManifest.xml:38:13-78
170            android:exported="true"
170-->[com.google.firebase:firebase-iid:20.0.2] AndroidManifest.xml:39:13-36
171            android:permission="com.google.android.c2dm.permission.SEND" >
171-->[com.google.firebase:firebase-iid:20.0.2] AndroidManifest.xml:40:13-73
172            <intent-filter>
172-->[com.google.firebase:firebase-iid:20.0.2] AndroidManifest.xml:41:13-43:29
173                <action android:name="com.google.android.c2dm.intent.RECEIVE" />
173-->[com.google.firebase:firebase-iid:20.0.2] AndroidManifest.xml:42:17-81
173-->[com.google.firebase:firebase-iid:20.0.2] AndroidManifest.xml:42:25-78
174            </intent-filter>
175        </receiver>
176
177        <activity
177-->[com.google.firebase:firebase-auth:19.2.0] AndroidManifest.xml:24:9-31:50
178            android:name="com.google.firebase.auth.internal.FederatedSignInActivity"
178-->[com.google.firebase:firebase-auth:19.2.0] AndroidManifest.xml:25:13-85
179            android:excludeFromRecents="true"
179-->[com.google.firebase:firebase-auth:19.2.0] AndroidManifest.xml:26:13-46
180            android:exported="true"
180-->[com.google.firebase:firebase-auth:19.2.0] AndroidManifest.xml:27:13-36
181            android:launchMode="singleTask"
181-->[com.google.firebase:firebase-auth:19.2.0] AndroidManifest.xml:28:13-44
182            android:permission="com.google.firebase.auth.api.gms.permission.LAUNCH_FEDERATED_SIGN_IN"
182-->[com.google.firebase:firebase-auth:19.2.0] AndroidManifest.xml:29:13-102
183            android:theme="@android:style/Theme.Translucent.NoTitleBar" />
183-->[com.google.firebase:firebase-auth:19.2.0] AndroidManifest.xml:30:13-72
184
185        <provider
185-->[com.google.firebase:firebase-common:19.3.0] AndroidManifest.xml:26:9-30:39
186            android:name="com.google.firebase.provider.FirebaseInitProvider"
186-->[com.google.firebase:firebase-common:19.3.0] AndroidManifest.xml:27:13-77
187            android:authorities="com.app.markbootapp.firebaseinitprovider"
187-->[com.google.firebase:firebase-common:19.3.0] AndroidManifest.xml:28:13-72
188            android:exported="false"
188-->[com.google.firebase:firebase-common:19.3.0] AndroidManifest.xml:29:13-37
189            android:initOrder="100" />
189-->[com.google.firebase:firebase-common:19.3.0] AndroidManifest.xml:30:13-36
190
191        <activity
191-->[com.google.android.gms:play-services-base:17.1.0] AndroidManifest.xml:23:9-26:75
192            android:name="com.google.android.gms.common.api.GoogleApiActivity"
192-->[com.google.android.gms:play-services-base:17.1.0] AndroidManifest.xml:24:13-79
193            android:exported="false"
193-->[com.google.android.gms:play-services-base:17.1.0] AndroidManifest.xml:25:13-37
194            android:theme="@android:style/Theme.Translucent.NoTitleBar" />
194-->[com.google.android.gms:play-services-base:17.1.0] AndroidManifest.xml:26:13-72
195
196        <meta-data
196-->[com.google.android.gms:play-services-basement:17.0.0] AndroidManifest.xml:23:9-25:69
197            android:name="com.google.android.gms.version"
197-->[com.google.android.gms:play-services-basement:17.0.0] AndroidManifest.xml:24:13-58
198            android:value="@integer/google_play_services_version" />
198-->[com.google.android.gms:play-services-basement:17.0.0] AndroidManifest.xml:25:13-66
199
200        <provider
200-->[androidx.work:work-runtime:2.3.4] AndroidManifest.xml:31:9-37:35
201            android:name="androidx.work.impl.WorkManagerInitializer"
201-->[androidx.work:work-runtime:2.3.4] AndroidManifest.xml:32:13-69
202            android:authorities="com.app.markbootapp.workmanager-init"
202-->[androidx.work:work-runtime:2.3.4] AndroidManifest.xml:33:13-68
203            android:directBootAware="false"
203-->[androidx.work:work-runtime:2.3.4] AndroidManifest.xml:34:13-44
204            android:exported="false"
204-->[androidx.work:work-runtime:2.3.4] AndroidManifest.xml:35:13-37
205            android:multiprocess="true" />
205-->[androidx.work:work-runtime:2.3.4] AndroidManifest.xml:36:13-40
206
207        <service
207-->[androidx.work:work-runtime:2.3.4] AndroidManifest.xml:39:9-44:35
208            android:name="androidx.work.impl.background.systemalarm.SystemAlarmService"
208-->[androidx.work:work-runtime:2.3.4] AndroidManifest.xml:40:13-88
209            android:directBootAware="false"
209-->[androidx.work:work-runtime:2.3.4] AndroidManifest.xml:41:13-44
210            android:enabled="@bool/enable_system_alarm_service_default"
210-->[androidx.work:work-runtime:2.3.4] AndroidManifest.xml:42:13-72
211            android:exported="false" />
211-->[androidx.work:work-runtime:2.3.4] AndroidManifest.xml:43:13-37
212        <service
212-->[androidx.work:work-runtime:2.3.4] AndroidManifest.xml:45:9-51:35
213            android:name="androidx.work.impl.background.systemjob.SystemJobService"
213-->[androidx.work:work-runtime:2.3.4] AndroidManifest.xml:46:13-84
214            android:directBootAware="false"
214-->[androidx.work:work-runtime:2.3.4] AndroidManifest.xml:47:13-44
215            android:enabled="@bool/enable_system_job_service_default"
215-->[androidx.work:work-runtime:2.3.4] AndroidManifest.xml:48:13-70
216            android:exported="true"
216-->[androidx.work:work-runtime:2.3.4] AndroidManifest.xml:49:13-36
217            android:permission="android.permission.BIND_JOB_SERVICE" />
217-->[androidx.work:work-runtime:2.3.4] AndroidManifest.xml:50:13-69
218        <service
218-->[androidx.work:work-runtime:2.3.4] AndroidManifest.xml:52:9-57:35
219            android:name="androidx.work.impl.foreground.SystemForegroundService"
219-->[androidx.work:work-runtime:2.3.4] AndroidManifest.xml:53:13-81
220            android:directBootAware="false"
220-->[androidx.work:work-runtime:2.3.4] AndroidManifest.xml:54:13-44
221            android:enabled="@bool/enable_system_foreground_service_default"
221-->[androidx.work:work-runtime:2.3.4] AndroidManifest.xml:55:13-77
222            android:exported="false" />
222-->[androidx.work:work-runtime:2.3.4] AndroidManifest.xml:56:13-37
223
224        <receiver
224-->[androidx.work:work-runtime:2.3.4] AndroidManifest.xml:59:9-64:35
225            android:name="androidx.work.impl.utils.ForceStopRunnable$BroadcastReceiver"
225-->[androidx.work:work-runtime:2.3.4] AndroidManifest.xml:60:13-88
226            android:directBootAware="false"
226-->[androidx.work:work-runtime:2.3.4] AndroidManifest.xml:61:13-44
227            android:enabled="true"
227-->[androidx.work:work-runtime:2.3.4] AndroidManifest.xml:62:13-35
228            android:exported="false" />
228-->[androidx.work:work-runtime:2.3.4] AndroidManifest.xml:63:13-37
229        <receiver
229-->[androidx.work:work-runtime:2.3.4] AndroidManifest.xml:65:9-75:20
230            android:name="androidx.work.impl.background.systemalarm.ConstraintProxy$BatteryChargingProxy"
230-->[androidx.work:work-runtime:2.3.4] AndroidManifest.xml:66:13-106
231            android:directBootAware="false"
231-->[androidx.work:work-runtime:2.3.4] AndroidManifest.xml:67:13-44
232            android:enabled="false"
232-->[androidx.work:work-runtime:2.3.4] AndroidManifest.xml:68:13-36
233            android:exported="false" >
233-->[androidx.work:work-runtime:2.3.4] AndroidManifest.xml:69:13-37
234            <intent-filter>
234-->[androidx.work:work-runtime:2.3.4] AndroidManifest.xml:71:13-74:29
235                <action android:name="android.intent.action.ACTION_POWER_CONNECTED" />
235-->[androidx.work:work-runtime:2.3.4] AndroidManifest.xml:72:17-87
235-->[androidx.work:work-runtime:2.3.4] AndroidManifest.xml:72:25-84
236                <action android:name="android.intent.action.ACTION_POWER_DISCONNECTED" />
236-->[androidx.work:work-runtime:2.3.4] AndroidManifest.xml:73:17-90
236-->[androidx.work:work-runtime:2.3.4] AndroidManifest.xml:73:25-87
237            </intent-filter>
238        </receiver>
239        <receiver
239-->[androidx.work:work-runtime:2.3.4] AndroidManifest.xml:76:9-86:20
240            android:name="androidx.work.impl.background.systemalarm.ConstraintProxy$BatteryNotLowProxy"
240-->[androidx.work:work-runtime:2.3.4] AndroidManifest.xml:77:13-104
241            android:directBootAware="false"
241-->[androidx.work:work-runtime:2.3.4] AndroidManifest.xml:78:13-44
242            android:enabled="false"
242-->[androidx.work:work-runtime:2.3.4] AndroidManifest.xml:79:13-36
243            android:exported="false" >
243-->[androidx.work:work-runtime:2.3.4] AndroidManifest.xml:80:13-37
244            <intent-filter>
244-->[androidx.work:work-runtime:2.3.4] AndroidManifest.xml:82:13-85:29
245                <action android:name="android.intent.action.BATTERY_OKAY" />
245-->[androidx.work:work-runtime:2.3.4] AndroidManifest.xml:83:17-77
245-->[androidx.work:work-runtime:2.3.4] AndroidManifest.xml:83:25-74
246                <action android:name="android.intent.action.BATTERY_LOW" />
246-->[androidx.work:work-runtime:2.3.4] AndroidManifest.xml:84:17-76
246-->[androidx.work:work-runtime:2.3.4] AndroidManifest.xml:84:25-73
247            </intent-filter>
248        </receiver>
249        <receiver
249-->[androidx.work:work-runtime:2.3.4] AndroidManifest.xml:87:9-97:20
250            android:name="androidx.work.impl.background.systemalarm.ConstraintProxy$StorageNotLowProxy"
250-->[androidx.work:work-runtime:2.3.4] AndroidManifest.xml:88:13-104
251            android:directBootAware="false"
251-->[androidx.work:work-runtime:2.3.4] AndroidManifest.xml:89:13-44
252            android:enabled="false"
252-->[androidx.work:work-runtime:2.3.4] AndroidManifest.xml:90:13-36
253            android:exported="false" >
253-->[androidx.work:work-runtime:2.3.4] AndroidManifest.xml:91:13-37
254            <intent-filter>
254-->[androidx.work:work-runtime:2.3.4] AndroidManifest.xml:93:13-96:29
255                <action android:name="android.intent.action.DEVICE_STORAGE_LOW" />
255-->[androidx.work:work-runtime:2.3.4] AndroidManifest.xml:94:17-83
255-->[androidx.work:work-runtime:2.3.4] AndroidManifest.xml:94:25-80
256                <action android:name="android.intent.action.DEVICE_STORAGE_OK" />
256-->[androidx.work:work-runtime:2.3.4] AndroidManifest.xml:95:17-82
256-->[androidx.work:work-runtime:2.3.4] AndroidManifest.xml:95:25-79
257            </intent-filter>
258        </receiver>
259        <receiver
259-->[androidx.work:work-runtime:2.3.4] AndroidManifest.xml:98:9-107:20
260            android:name="androidx.work.impl.background.systemalarm.ConstraintProxy$NetworkStateProxy"
260-->[androidx.work:work-runtime:2.3.4] AndroidManifest.xml:99:13-103
261            android:directBootAware="false"
261-->[androidx.work:work-runtime:2.3.4] AndroidManifest.xml:100:13-44
262            android:enabled="false"
262-->[androidx.work:work-runtime:2.3.4] AndroidManifest.xml:101:13-36
263            android:exported="false" >
263-->[androidx.work:work-runtime:2.3.4] AndroidManifest.xml:102:13-37
264            <intent-filter>
264-->[androidx.work:work-runtime:2.3.4] AndroidManifest.xml:104:13-106:29
265                <action android:name="android.net.conn.CONNECTIVITY_CHANGE" />
265-->[androidx.work:work-runtime:2.3.4] AndroidManifest.xml:105:17-79
265-->[androidx.work:work-runtime:2.3.4] AndroidManifest.xml:105:25-76
266            </intent-filter>
267        </receiver>
268        <receiver
268-->[androidx.work:work-runtime:2.3.4] AndroidManifest.xml:108:9-119:20
269            android:name="androidx.work.impl.background.systemalarm.RescheduleReceiver"
269-->[androidx.work:work-runtime:2.3.4] AndroidManifest.xml:109:13-88
270            android:directBootAware="false"
270-->[androidx.work:work-runtime:2.3.4] AndroidManifest.xml:110:13-44
271            android:enabled="false"
271-->[androidx.work:work-runtime:2.3.4] AndroidManifest.xml:111:13-36
272            android:exported="false" >
272-->[androidx.work:work-runtime:2.3.4] AndroidManifest.xml:112:13-37
273            <intent-filter>
273-->[androidx.work:work-runtime:2.3.4] AndroidManifest.xml:114:13-118:29
274                <action android:name="android.intent.action.BOOT_COMPLETED" />
274-->src/main/AndroidManifest.xml:72:17-78
274-->src/main/AndroidManifest.xml:72:25-76
275                <action android:name="android.intent.action.TIME_SET" />
275-->[androidx.work:work-runtime:2.3.4] AndroidManifest.xml:116:17-73
275-->[androidx.work:work-runtime:2.3.4] AndroidManifest.xml:116:25-70
276                <action android:name="android.intent.action.TIMEZONE_CHANGED" />
276-->[androidx.work:work-runtime:2.3.4] AndroidManifest.xml:117:17-81
276-->[androidx.work:work-runtime:2.3.4] AndroidManifest.xml:117:25-78
277            </intent-filter>
278        </receiver>
279        <receiver
279-->[androidx.work:work-runtime:2.3.4] AndroidManifest.xml:120:9-129:20
280            android:name="androidx.work.impl.background.systemalarm.ConstraintProxyUpdateReceiver"
280-->[androidx.work:work-runtime:2.3.4] AndroidManifest.xml:121:13-99
281            android:directBootAware="false"
281-->[androidx.work:work-runtime:2.3.4] AndroidManifest.xml:122:13-44
282            android:enabled="@bool/enable_system_alarm_service_default"
282-->[androidx.work:work-runtime:2.3.4] AndroidManifest.xml:123:13-72
283            android:exported="false" >
283-->[androidx.work:work-runtime:2.3.4] AndroidManifest.xml:124:13-37
284            <intent-filter>